<?xml version="1.0" encoding="UTF-8"?>
<!-- Generated by org.testng.reporters.JUnitXMLReporter -->
<testsuite hostname="INPUN114042" ignored="0" name="Default test" tests="5" failures="0" timestamp="22 Mar 2017 09:55:52 GMT" time="0.936" errors="0">
  <testcase name="testCaseB2" time="0.096" classname="Suite2.TestcaseB2"/>
  <testcase name="testCaseB2" time="0.072" classname="Suite2.TestcaseB2"/>
  <testcase name="testCaseB2" time="0.056" classname="Suite2.TestcaseB2"/>
  <testcase name="testCaseB2" time="0.064" classname="Suite2.TestcaseB2">
    <skipped/>
  </testcase> <!-- testCaseB2 -->
  <testcase name="testCaseB2" time="0.06" classname="Suite2.TestcaseB2">
    <skipped/>
  </testcase> <!-- testCaseB2 -->
</testsuite> <!-- Default test -->
