<?xml version="1.0" encoding="UTF-8"?>
<!-- Generated by org.testng.reporters.JUnitXMLReporter -->
<testsuite hostname="INPUN114042" ignored="0" name="TestcaseA2" tests="5" failures="0" timestamp="22 Mar 2017 10:02:49 GMT" time="0.328" errors="0">
  <testcase name="testCaseA2" time="0.046" classname="Suite1.TestcaseA2">
    <skipped/>
  </testcase> <!-- testCaseA2 -->
  <testcase name="testCaseA2" time="0.063" classname="Suite1.TestcaseA2">
    <skipped/>
  </testcase> <!-- testCaseA2 -->
  <testcase name="testCaseA2" time="0.047" classname="Suite1.TestcaseA2">
    <skipped/>
  </testcase> <!-- testCaseA2 -->
  <testcase name="testCaseA2" time="0.062" classname="Suite1.TestcaseA2">
    <skipped/>
  </testcase> <!-- testCaseA2 -->
  <testcase name="testCaseA2" time="0.047" classname="Suite1.TestcaseA2">
    <skipped/>
  </testcase> <!-- testCaseA2 -->
</testsuite> <!-- TestcaseA2 -->
